<?xml version="1.0" encoding="UTF-8"?>
<!-- Generated by org.testng.reporters.JUnitReportReporter -->
<testsuite skipped="0" hostname="LAPTOP-82JFQ3SM" name="testcases_loginpage.Loginpage" tests="1" failures="0" timestamp="12 Nov 2018 07:35:52 GMT" time="29.948" errors="0">
  <testcase name="Login" time="29.948" classname="testcases_loginpage.Loginpage"/>
</testsuite> <!-- testcases_loginpage.Loginpage -->
