<?xml version="1.0" encoding="UTF-8"?>
<!-- Generated by org.testng.reporters.JUnitReportReporter -->
<testsuite skipped="0" hostname="LAPTOP-82JFQ3SM" name="testcases.LoginApplication" tests="1" failures="0" timestamp="08 Sep 2018 13:16:21 GMT" time="53.189" errors="0">
  <testcase name="Login" time="53.189" classname="testcases.LoginApplication"/>
</testsuite> <!-- testcases.LoginApplication -->
