<?xml version="1.0" encoding="UTF-8"?>
<!-- Generated by org.testng.reporters.JUnitReportReporter -->
<testsuite skipped="0" hostname="LAPTOP-82JFQ3SM" name="testcases_homepage.homepage" tests="1" failures="0" timestamp="24 Nov 2018 03:12:58 GMT" time="106.063" errors="0">
  <testcase name="home" time="106.063" classname="testcases_homepage.homepage"/>
</testsuite> <!-- testcases_homepage.homepage -->
